2023-03-02 18:35:36 INFO  TelegramBotStart:54 - 493408757 /start
2023-03-02 18:35:39 INFO  TelegramBotStart:54 - 493408757 /start
2023-03-02 18:35:45 INFO  TelegramBotStart:54 - 493408757 /ad
2023-03-02 18:35:47 INFO  TelegramBotStart:54 - 493408757 /help
2023-03-02 18:35:50 INFO  TelegramBotStart:54 - 493408757 ыв
2023-03-02 18:36:51 INFO  TelegramBotStart:54 - 493408757 ыфв
2023-03-02 18:36:51 INFO  TelegramBotStart:54 - 493408757 вы
2023-03-02 23:20:09 INFO  TelegramBotStart:60 - 493408757 d
2023-03-02 23:20:55 INFO  TelegramBotStart:60 - 493408757 /help
2023-03-02 23:20:57 INFO  TelegramBotStart:60 - 493408757 /help
2023-03-03 00:11:30 INFO  TelegramBotStart:37 - 493408757 zxc
2023-03-03 01:58:04 INFO  TelegramBotStart:44 - 493408757 с
2023-03-03 02:07:27 INFO  TelegramBotStart:47 - 493408757 c
2023-03-04 00:41:14 INFO  TelegramBotStart:47 - 493408757 cxz
2023-03-04 00:41:16 INFO  TelegramBotStart:47 - 493408757 s
2023-03-04 00:41:32 INFO  TelegramBotStart:47 - 493408757 c
2023-03-04 00:42:56 INFO  TelegramBotStart:47 - 5343305934 /start
2023-03-04 00:42:57 INFO  TelegramBotStart:47 - 5343305934 с
2023-03-04 02:09:18 INFO  TelegramBotStart:47 - 493408757 с
2023-03-04 02:30:36 INFO  TelegramBotStart:48 - 493408757 c
2023-03-04 02:33:12 INFO  TelegramBotStart:48 - 493408757 c
2023-03-04 02:51:36 INFO  TelegramBotStart:48 - 493408757 c
2023-03-04 02:55:04 INFO  TelegramBotStart:48 - 493408757 xs
2023-03-04 03:01:41 INFO  TelegramBotStart:48 - 493408757 s
2023-03-04 03:03:17 INFO  TelegramBotStart:48 - 493408757 cd
2023-03-04 03:22:52 INFO  TelegramBotStart:49 - 493408757 св
2023-03-04 03:28:22 INFO  TelegramBotStart:55 - 493408757 xs
2023-03-04 03:28:29 INFO  TelegramBotStart:55 - 493408757 as
2023-03-04 03:35:54 INFO  TelegramBotStart:76 - Employee ID = {}
2023-03-04 03:35:54 INFO  TelegramBotStart:49 - 493408757 asd
2023-03-04 14:46:44 INFO  TelegramBotStart:76 - Employee ID = {}
2023-03-04 14:46:44 INFO  TelegramBotStart:49 - 493408757 cd
2023-03-04 16:07:38 INFO  TelegramBotStart:44 - 493408757 as
2023-03-04 17:44:01 INFO  TelegramBotStart:47 - 493408757 acjlka
2023-03-04 17:44:40 INFO  TelegramBotStart:47 - 493408757 zxc
2023-03-04 17:44:43 INFO  TelegramBotStart:47 - 493408757 asd
2023-03-04 17:44:55 INFO  TelegramBotStart:47 - 493408757 ywop
2023-03-04 19:10:34 INFO  TelegramBotStart:45 - 493408757 dsa
2023-03-04 23:01:19 INFO  TelegramBotStart:47 - 493408757 s
2023-03-04 23:01:35 INFO  TelegramBotStart:47 - 493408757 Hi
2023-03-04 23:22:37 INFO  TelegramBotStart:52 - 493408757 cds
2023-03-04 23:24:06 INFO  TelegramBotStart:48 - 493408757 cd
